TN:
SF:/Users/mrylander/goktytorna/test/refmem_test.c
FN:30,new_string
FN:39,test_t_destructor
FN:45,test_destructor
FN:50,teardown
FN:55,test_allocate
FN:79,test_mem_reg_size_clear
FN:106,test_allocate_array
FN:135,test_retain
FN:177,test_release
FN:192,test_rc
FN:205,test_deallocate
FN:218,test_set_cascade_limit
FN:238,test_cascade_limit
FN:261,test_cleanup
FN:282,main
FNDA:3,new_string
FNDA:6,test_t_destructor
FNDA:2,test_destructor
FNDA:1,teardown
FNDA:1,test_allocate
FNDA:1,test_mem_reg_size_clear
FNDA:1,test_allocate_array
FNDA:1,test_retain
FNDA:1,test_release
FNDA:1,test_rc
FNDA:1,test_deallocate
FNDA:1,test_set_cascade_limit
FNDA:1,test_cascade_limit
FNDA:1,test_cleanup
FNDA:1,main
FNF:15
FNH:15
DA:31,3
DA:32,3
DA:34,3
DA:36,3
DA:40,6
DA:41,6
DA:42,6
DA:43,6
DA:47,2
DA:48,2
DA:51,2
DA:52,1
DA:57,2
DA:58,1
DA:60,1
DA:61,1
DA:66,1
DA:67,1
DA:69,1
DA:70,1
DA:72,1
DA:73,1
DA:75,1
DA:76,1
DA:77,1
DA:81,2
DA:83,1
DA:84,1
DA:85,1
DA:86,1
DA:88,1
DA:91,1
DA:92,1
DA:93,1
DA:95,1
DA:99,1
DA:101,1
DA:103,1
DA:104,1
DA:107,2
DA:108,1
DA:110,1
DA:112,1
DA:113,1
DA:115,1
DA:116,1
DA:117,1
DA:118,1
DA:120,10
DA:121,4
DA:122,4
DA:123,4
DA:125,1
DA:127,1
DA:128,1
DA:130,1
DA:131,1
DA:132,1
DA:133,1
DA:137,2
DA:139,1
DA:140,1
DA:141,1
DA:142,1
DA:143,1
DA:144,1
DA:145,1
DA:147,1
DA:149,1
DA:150,1
DA:152,1
DA:154,1
DA:155,1
DA:156,1
DA:157,1
DA:158,1
DA:159,1
DA:161,1
DA:162,1
DA:163,1
DA:164,1
DA:166,202
DA:167,100
DA:168,100
DA:170,1
DA:172,204
DA:173,101
DA:174,101
DA:175,1
DA:178,2
DA:180,20
DA:181,9
DA:182,9
DA:184,20
DA:185,9
DA:186,9
DA:187,8
DA:188,8
DA:189,9
DA:190,1
DA:193,2
DA:195,1
DA:196,1
DA:197,1
DA:198,1
DA:199,1
DA:200,1
DA:201,1
DA:202,1
DA:203,1
DA:206,2
DA:207,1
DA:209,1
DA:210,1
DA:212,1
DA:214,1
DA:215,1
DA:216,1
DA:219,2
DA:220,1
DA:222,1
DA:223,1
DA:225,204
DA:226,101
DA:227,101
DA:229,1
DA:231,1
DA:232,1
DA:234,1
DA:235,1
DA:236,1
DA:239,2
DA:240,1
DA:241,1
DA:242,1
DA:243,1
DA:244,1
DA:245,1
DA:247,1
DA:248,1
DA:249,1
DA:251,1
DA:253,1
DA:254,1
DA:256,1
DA:258,1
DA:259,1
DA:262,2
DA:263,1
DA:264,1
DA:265,1
DA:266,1
DA:267,1
DA:268,1
DA:270,1
DA:271,1
DA:272,1
DA:274,1
DA:276,1
DA:278,1
DA:280,1
DA:283,1
DA:286,1
DA:287,1
DA:288,1
DA:289,1
DA:290,1
DA:291,1
DA:292,1
DA:293,1
DA:294,1
DA:295,1
DA:296,1
DA:298,1
DA:301,1
DA:303,1
LF:176
LH:176
end_of_record
TN:
SF:/Users/mrylander/goktytorna/src/refmem.c
FN:81,retain
FN:90,release
FN:104,rc
FN:111,allocate
FN:133,set_cascade_limit
FN:137,get_cascade_limit
FN:141,allocate_array
FN:163,deallocate
FN:186,mem_register_is_empty
FN:190,cleanup
FN:199,shutdown
FN:210,convert_to_record
FN:217,convert_from_record
FN:224,save_object
FN:232,free_record
FN:238,clear_mem_register
FN:257,compare_destructor
FN:261,compare_size
FNDA:125,retain
FNDA:129,release
FNDA:46,rc
FNDA:22,allocate
FNDA:108,set_cascade_limit
FNDA:5,get_cascade_limit
FNDA:4,allocate_array
FNDA:26,deallocate
FNDA:9,mem_register_is_empty
FNDA:2,cleanup
FNDA:1,shutdown
FNDA:322,convert_to_record
FNDA:13,convert_from_record
FNDA:5,save_object
FNDA:4,free_record
FNDA:26,clear_mem_register
FNDA:45,compare_destructor
FNDA:42,compare_size
FNF:18
FNH:18
DA:82,250
DA:84,125
DA:85,125
DA:86,125
DA:87,125
DA:88,125
DA:91,129
DA:92,125
DA:94,125
DA:96,125
DA:97,13
DA:99,13
DA:100,13
DA:101,125
DA:102,129
DA:105,92
DA:107,46
DA:108,46
DA:113,22
DA:115,22
DA:117,22
DA:119,22
DA:120,23
DA:122,22
DA:123,23
DA:125,22
DA:126,22
DA:128,22
DA:130,22
DA:134,108
DA:135,108
DA:138,10
DA:142,4
DA:143,4
DA:145,4
DA:147,4
DA:149,4
DA:150,4
DA:152,4
DA:153,4
DA:155,4
DA:156,4
DA:158,4
DA:160,4
DA:165,52
DA:167,26
DA:168,26
DA:169,26
DA:170,26
DA:172,26
DA:173,8
DA:174,8
DA:176,26
DA:177,5
DA:178,5
DA:180,21
DA:182,21
DA:184,26
DA:187,18
DA:191,4
DA:192,6
DA:193,1
DA:194,1
DA:196,2
DA:197,2
DA:200,2
DA:201,1
DA:202,1
DA:203,1
DA:204,1
DA:211,322
DA:212,322
DA:214,322
DA:218,13
DA:219,13
DA:221,13
DA:225,5
DA:226,0
DA:227,0
DA:229,5
DA:230,5
DA:233,4
DA:234,4
DA:235,4
DA:239,26
DA:241,26
DA:242,1
DA:243,1
DA:245,25
DA:247,107
DA:248,2
DA:249,2
DA:251,103
DA:252,2
DA:255,26
DA:258,45
DA:262,42
LF:97
LH:95
end_of_record
TN:
SF:/Users/mrylander/goktytorna/src/queue.c
FN:25,queue_create
FN:35,queue_enqueue
FN:48,queue_dequeue
FN:70,queue_length
FN:82,queue_first
FN:86,queue_is_empty
FN:90,queue_apply
FN:99,delete_aux
FN:107,queue_delete
FNDA:8,queue_create
FNDA:23,queue_enqueue
FNDA:21,queue_dequeue
FNDA:10,queue_length
FNDA:9,queue_first
FNDA:62,queue_is_empty
FNDA:1,queue_apply
FNDA:2,delete_aux
FNDA:8,queue_delete
FNF:9
FNH:9
DA:26,16
DA:27,8
DA:32,8
DA:36,23
DA:37,23
DA:39,23
DA:40,10
DA:41,10
DA:42,10
DA:43,13
DA:44,13
DA:46,23
DA:51,21
DA:52,21
DA:54,21
DA:55,13
DA:56,13
DA:57,8
DA:58,8
DA:61,21
DA:62,21
DA:64,21
DA:67,0
DA:68,21
DA:71,10
DA:72,10
DA:74,52
DA:75,16
DA:76,16
DA:79,10
DA:83,9
DA:87,62
DA:91,1
DA:93,10
DA:94,4
DA:95,4
DA:97,1
DA:100,2
DA:101,0
DA:102,0
DA:104,2
DA:105,2
DA:108,8
DA:109,2
DA:110,2
DA:112,8
DA:113,8
LF:47
LH:44
end_of_record
TN:
SF:/Users/mrylander/goktytorna/src/listset.c
FN:42,link_new
FN:55,listset_new
FN:61,listset_length
FN:65,listset_expand
FN:82,listset_get
FN:94,listset_delete
FNDA:14,link_new
FNDA:6,listset_new
FNDA:4,listset_length
FNDA:108,listset_expand
FNDA:33,listset_get
FNDA:6,listset_delete
FNF:6
FNH:6
DA:43,14
DA:44,14
DA:45,14
DA:47,14
DA:56,12
DA:57,6
DA:58,6
DA:62,4
DA:66,216
DA:67,108
DA:68,108
DA:70,308
DA:71,234
DA:72,46
DA:73,46
DA:76,14
DA:77,14
DA:78,14
DA:79,14
DA:80,108
DA:84,33
DA:85,33
DA:86,191
DA:87,23
DA:88,23
DA:91,33
DA:95,6
DA:97,40
DA:98,14
DA:99,14
DA:100,14
DA:103,6
DA:104,6
LF:33
LH:33
end_of_record
TN:
SF:/Users/mrylander/goktytorna/test/queue_test.c
FN:10,test_queue_create
FN:19,test_queue_enqueue
FN:42,test_queue_first
FN:54,test_queue_length
FN:79,test_queue_dequeue
FN:100,test_queue_is_empty
FN:112,apply_func
FN:116,test_apply
FN:140,main
FNDA:1,test_queue_create
FNDA:1,test_queue_enqueue
FNDA:1,test_queue_first
FNDA:1,test_queue_length
FNDA:1,test_queue_dequeue
FNDA:1,test_queue_is_empty
FNDA:4,apply_func
FNDA:1,test_apply
FNDA:1,main
FNF:9
FNH:9
DA:11,2
DA:13,1
DA:14,1
DA:16,1
DA:17,1
DA:20,2
DA:21,1
DA:23,1
DA:24,1
DA:25,1
DA:26,1
DA:28,1
DA:30,1
DA:31,1
DA:32,1
DA:33,1
DA:34,1
DA:35,1
DA:36,1
DA:37,1
DA:39,1
DA:40,1
DA:43,2
DA:44,1
DA:46,1
DA:48,1
DA:49,1
DA:51,1
DA:52,1
DA:55,2
DA:56,1
DA:58,1
DA:60,1
DA:61,1
DA:62,1
DA:63,1
DA:64,1
DA:65,1
DA:66,1
DA:67,1
DA:69,1
DA:70,1
DA:71,1
DA:72,1
DA:73,1
DA:74,1
DA:76,1
DA:77,1
DA:80,2
DA:82,1
DA:84,1
DA:85,1
DA:86,1
DA:87,1
DA:88,1
DA:89,1
DA:91,1
DA:92,1
DA:93,1
DA:94,1
DA:95,1
DA:97,1
DA:98,1
DA:101,2
DA:102,1
DA:104,1
DA:105,1
DA:107,1
DA:109,1
DA:110,1
DA:113,4
DA:114,4
DA:117,2
DA:118,1
DA:120,1
DA:121,1
DA:122,1
DA:123,1
DA:125,1
DA:127,1
DA:128,1
DA:129,1
DA:130,1
DA:131,1
DA:132,1
DA:133,1
DA:134,1
DA:137,1
DA:138,1
DA:141,1
DA:143,1
DA:144,1
DA:145,1
DA:146,1
DA:147,1
DA:148,1
DA:149,1
DA:150,1
DA:152,1
DA:153,1
DA:155,1
LF:101
LH:101
end_of_record
TN:
SF:/Users/mrylander/goktytorna/test/listset_test.c
FN:10,test_listset_new
FN:19,compare_p_test
FN:23,compare_s_test
FN:27,test_listset_expand
FN:41,test_listset_get
FN:60,test_listset_delete
FN:71,main
FNDA:1,test_listset_new
FNDA:52,compare_p_test
FNDA:2,compare_s_test
FNDA:1,test_listset_expand
FNDA:1,test_listset_get
FNDA:1,test_listset_delete
FNDA:1,main
FNF:7
FNH:7
DA:11,2
DA:12,1
DA:13,1
DA:14,1
DA:15,1
DA:16,1
DA:17,1
DA:20,52
DA:24,2
DA:28,2
DA:29,1
DA:30,1
DA:31,1
DA:32,1
DA:33,1
DA:34,1
DA:35,1
DA:36,1
DA:37,1
DA:38,1
DA:39,1
DA:42,2
DA:43,1
DA:44,1
DA:45,1
DA:46,1
DA:47,1
DA:48,1
DA:49,1
DA:50,1
DA:51,1
DA:52,1
DA:53,1
DA:54,1
DA:55,1
DA:56,1
DA:57,1
DA:58,1
DA:61,2
DA:62,1
DA:63,102
DA:64,50
DA:65,50
DA:66,1
DA:68,1
DA:69,1
DA:72,1
DA:74,1
DA:75,1
DA:76,1
DA:77,1
DA:78,1
DA:80,1
DA:81,1
DA:83,1
LF:55
LH:55
end_of_record
